\BOOKMARK [0][-]{chapter.1}{Introduction}{}% 1
\BOOKMARK [0][-]{chapter.2}{Feature Extraction}{}% 2
\BOOKMARK [1][-]{section.2.1}{Modified Direction Feature}{chapter.2}% 3
\BOOKMARK [1][-]{section.2.2}{Centroid Feature}{chapter.2}% 4
\BOOKMARK [1][-]{section.2.3}{Tri - Surface Feature}{chapter.2}% 5
\BOOKMARK [1][-]{section.2.4}{Length Feature}{chapter.2}% 6
\BOOKMARK [1][-]{section.2.5}{Sixfold - Surface Feature}{chapter.2}% 7
\BOOKMARK [1][-]{section.2.6}{Best-Fit Feature}{chapter.2}% 8
\BOOKMARK [1][-]{section.2.7}{Stroke Feature}{chapter.2}% 9
\BOOKMARK [1][-]{section.2.8}{Histogram Feature}{chapter.2}% 10
\BOOKMARK [1][-]{section.2.9}{Splitting Feature}{chapter.2}% 11
\BOOKMARK [0][-]{chapter.3}{Feature Selection}{}% 12
\BOOKMARK [1][-]{section.3.1}{Experimental Analysis}{chapter.3}% 13
\BOOKMARK [2][-]{subsection.3.1.1}{Results}{section.3.1}% 14
\BOOKMARK [1][-]{section.3.2}{Automatic Methods}{chapter.3}% 15
\BOOKMARK [2][-]{subsection.3.2.1}{Results}{section.3.2}% 16
\BOOKMARK [1][-]{section.3.3}{Dataset Size Analysis}{chapter.3}% 17
\BOOKMARK [0][-]{chapter.4}{Classification}{}% 18
\BOOKMARK [1][-]{section.4.1}{Classifiers}{chapter.4}% 19
\BOOKMARK [2][-]{subsection.4.1.1}{Support Vector Machines}{section.4.1}% 20
\BOOKMARK [2][-]{subsection.4.1.2}{K-Nearest Neighbors}{section.4.1}% 21
\BOOKMARK [2][-]{subsection.4.1.3}{Radial Basis Function Networks}{section.4.1}% 22
\BOOKMARK [2][-]{subsection.4.1.4}{Fisher Linear Discriminant}{section.4.1}% 23
\BOOKMARK [2][-]{subsection.4.1.5}{K-Means}{section.4.1}% 24
\BOOKMARK [2][-]{subsection.4.1.6}{Multi-Layer Neural Network}{section.4.1}% 25
\BOOKMARK [2][-]{subsection.4.1.7}{Naive Bayesian Classifier}{section.4.1}% 26
\BOOKMARK [2][-]{subsection.4.1.8}{Template}{section.4.1}% 27
\BOOKMARK [1][-]{section.4.2}{Experimental Analysis}{chapter.4}% 28
\BOOKMARK [2][-]{subsection.4.2.1}{Results}{section.4.2}% 29
\BOOKMARK [0][-]{chapter.5}{Graphical User Interface}{}% 30
\BOOKMARK [0][-]{chapter.6}{Conclusions}{}% 31
